\BOOKMARK [1][-]{section.1}{Allgemeine Formeln}{}% 1
\BOOKMARK [1][-]{section.2}{Berechnung der h\366heren Harmonischen}{}% 2
\BOOKMARK [2][-]{subsection.2.1}{Orthogonalit\344tsbeziehungen}{section.2}% 3
\BOOKMARK [2][-]{subsection.2.2}{Allgemeine Form}{section.2}% 4
\BOOKMARK [2][-]{subsection.2.3}{S\344tze zur Berechnung der Koeffizienten}{section.2}% 5
\BOOKMARK [3][-]{subsubsection.2.3.1}{Symmetrie}{subsection.2.3}% 6
\BOOKMARK [1][-]{section.3}{Ungesteuerter Gleichrichter M1U}{}% 7
\BOOKMARK [1][-]{section.4}{Gesteuerter Gleichrichter M1C}{}% 8
\BOOKMARK [1][-]{section.5}{Gesteuerter Gleichrichter B2C}{}% 9
\BOOKMARK [1][-]{section.6}{Leistungsberechnung}{}% 10
\BOOKMARK [1][-]{section.7}{Schaltverluste, K\374hlung}{}% 11
\BOOKMARK [2][-]{subsection.7.1}{Thyristor ohne K\374hlk\366rper}{section.7}% 12
\BOOKMARK [2][-]{subsection.7.2}{Thyristor mit K\374hlk\366rper}{section.7}% 13
\BOOKMARK [1][-]{section.8}{Gleichstromumrichter}{}% 14
\BOOKMARK [2][-]{subsection.8.1}{Buck-Converter \(Tiefsetzsteller\)}{section.8}% 15
\BOOKMARK [1][-]{section.9}{Gleichstrom-Schalter, Gleichstrom-Steller}{}% 16
\BOOKMARK [2][-]{subsection.9.1}{nur Einschalten:}{section.9}% 17
\BOOKMARK [2][-]{subsection.9.2}{Ein- und Ausschalten}{section.9}% 18
\BOOKMARK [2][-]{subsection.9.3}{Streuinduktivit\344t}{section.9}% 19
\BOOKMARK [2][-]{subsection.9.4}{Gleichstromsteller \(Chopper\)}{section.9}% 20
